2022-12-26 01:30:35,740 Received from server: 3
2022-12-26 01:30:45,268 Received from server: 6
2022-12-26 01:30:49,220 
You pressed Ctrl+C, keyboardInterrupt detected,Client is exiting!
2022-12-26 13:03:56,714 Received from server: 5
2022-12-26 13:04:03,606 Server is dead
2022-12-26 13:42:08,307 
Client is busy at the moment, get back to it in another request
2022-12-26 13:47:33,943 
You pressed Ctrl+C, keyboardInterrupt detected,Client is exiting!
2022-12-26 13:47:38,113 Received from server: 3
2022-12-26 13:47:46,647 Received from server: 6
2022-12-26 13:47:54,115 Server is dead
2022-12-26 13:48:01,856 Received from server: 3
2022-12-26 13:48:04,151 Server is dead
2022-12-26 13:51:09,356 Received from server: 4
2022-12-26 13:51:14,363 
Client is busy at the moment, get back to it in another request
2022-12-26 13:51:38,525 Received from server: 3
2022-12-26 13:51:40,930 Received from server: 7
2022-12-26 13:51:59,164 
Client is busy at the moment, get back to it in another request
2022-12-26 13:54:26,369 Received from server: 5
2022-12-26 13:54:57,019 Received from server: 0
2022-12-26 13:55:04,259 Received from server: 5
2022-12-26 13:55:08,070 Received from server: 0
2022-12-26 13:55:13,792 Received from server: 1
2022-12-26 13:55:36,356 Server is dead
2022-12-26 14:06:12,216 Received from server: 3
2022-12-26 14:06:17,242 
Server is busy at the moment, get back to it in another request
2022-12-26 14:06:52,585 Received from server: 3
2022-12-26 14:07:12,932 
Server is busy at the moment, get back to it in another request
2022-12-26 14:07:25,287 Received from server: 5
2022-12-26 14:07:52,970 
You pressed Ctrl+C, keyboardInterrupt detected,Client is exiting!
2022-12-26 14:10:43,717 Server is dead
2022-12-26 16:00:17,307 Received from server: 2
2022-12-26 16:00:40,265 
Server is busy at the moment, get back to it in another request
2022-12-26 16:01:02,348 Server is dead
2022-12-26 16:02:23,499 Received from server: 2
2022-12-26 16:02:25,566 Received from server: 4
2022-12-26 16:02:28,021 Server is dead
2022-12-26 16:06:03,164 Received from server: 2
2022-12-26 16:06:13,433 Server is dead
2022-12-26 16:07:29,125 Received from server: 2
2022-12-26 16:07:31,354 Server is dead
2022-12-26 16:14:16,091 Server is dead
2022-12-26 16:15:54,376 Server is dead
2022-12-26 16:29:33,846 Received from server: 2
2022-12-26 16:29:38,976 Received from server: 1
2022-12-26 16:29:42,142 Received from server: 2
2022-12-26 16:29:46,581 Server is dead
2022-12-26 16:29:53,043 Received from server: 2
2022-12-26 16:30:14,609 
Server is busy at the moment, get back to it in another request
2022-12-26 16:31:58,520 Received from server: 1
2022-12-26 16:32:05,925 Server is dead
2022-12-26 16:32:29,077 
You pressed Ctrl+C, keyboardInterrupt detected,Client is exiting!
2022-12-26 16:32:31,826 
You pressed Ctrl+C, keyboardInterrupt detected,Client is exiting!
2022-12-26 16:37:58,583 Received from server: 4
2022-12-26 16:38:00,779 
You pressed Ctrl+C, keyboardInterrupt detected,Client is exiting!
2022-12-26 16:54:57,731 Received from server: 3
2022-12-26 16:55:04,212 
Server is busy at the moment, get back to it in another request
2022-12-26 16:55:49,761 
You pressed Ctrl+C, keyboardInterrupt detected,Client is exiting!
2022-12-26 16:55:55,156 
You pressed Ctrl+C, keyboardInterrupt detected,Client is exiting!
2022-12-26 16:55:57,357 
You pressed Ctrl+C, keyboardInterrupt detected,Client is exiting!
2022-12-26 16:56:01,691 Received from server: Server is busy.
2022-12-26 16:56:41,791 
You pressed Ctrl+C, keyboardInterrupt detected,Client is exiting!
2022-12-26 16:56:50,128 Received from server: 3
2022-12-26 16:56:56,059 
Server is busy at the moment, get back to it in another request
2022-12-26 16:57:03,293 Received from server: 2
2022-12-26 16:57:06,179 
You pressed Ctrl+C, keyboardInterrupt detected,Client is exiting!
2022-12-26 16:57:10,733 Received from server: 4
2022-12-26 16:57:13,085 Received from server: 4
2022-12-26 16:57:19,316 
Server is busy at the moment, get back to it in another request
2022-12-26 17:03:39,276 
You pressed Ctrl+C, keyboardInterrupt detected,Client is exiting!
2022-12-26 17:03:44,435 Received from server: 4
2022-12-26 17:03:53,157 
Server is busy at the moment, get back to it in another request
2022-12-26 17:03:57,416 Received from server: 4
2022-12-26 17:04:08,979 Server is dead
2022-12-26 17:04:12,518 Received from server: 4
2022-12-26 17:04:13,389 Received from server: 4
2022-12-26 17:04:13,920 Received from server: 5
2022-12-26 17:04:32,024 
You pressed Ctrl+C, keyboardInterrupt detected,Client is exiting!
2022-12-26 17:04:36,685 Received from server: 4
2022-12-26 17:04:42,493 
Server is busy at the moment, get back to it in another request
2022-12-26 17:04:57,301 Server is dead
2022-12-26 17:05:18,910 Received from server: 4
2022-12-26 17:05:24,684 
Server is busy at the moment, get back to it in another request
2022-12-26 17:13:38,696 Server is dead
2022-12-26 17:16:01,728 Received from server: 2
2022-12-26 17:16:07,194 
Server is busy at the moment, get back to it in another request
2022-12-26 17:17:58,824 
You pressed Ctrl+C, keyboardInterrupt detected,Client is exiting!
2022-12-26 17:18:05,633 Received from server: 2
2022-12-26 17:18:12,493 
Server is busy at the moment, get back to it in another request
2022-12-26 17:18:20,502 
You pressed Ctrl+C, keyboardInterrupt detected,Client is exiting!
2022-12-26 17:18:23,326 Received from server: 2
2022-12-26 17:18:24,151 Received from server: 4
2022-12-26 17:18:36,805 
Server is busy at the moment, get back to it in another request
2022-12-26 17:19:15,322 
You pressed Ctrl+C, keyboardInterrupt detected,Client is exiting!
2022-12-26 17:19:20,495 Received from server: 2
2022-12-26 17:19:28,669 
Server is busy at the moment, get back to it in another request
2022-12-26 17:19:40,221 
You pressed Ctrl+C, keyboardInterrupt detected,Client is exiting!
2022-12-26 17:19:44,563 Received from server: 4
2022-12-26 17:19:50,572 
Server is busy at the moment, get back to it in another request
2022-12-26 17:22:01,304 
You pressed Ctrl+C, keyboardInterrupt detected,Client is exiting!
2022-12-26 17:22:07,100 Received from server: 4
2022-12-26 17:22:10,986 Received from server: 2
2022-12-26 17:23:18,869 
You pressed Ctrl+C, keyboardInterrupt detected,Client is exiting!
2022-12-26 17:24:07,620 
You pressed Ctrl+C, keyboardInterrupt detected,Client is exiting!
2022-12-26 17:25:08,520 Received from server: 2
2022-12-26 17:25:12,269 Received from server: 4
2022-12-26 17:25:34,247 
Server is busy at the moment, get back to it in another request
2022-12-26 17:27:18,359 
You pressed Ctrl+C, keyboardInterrupt detected,Client is exiting!
2022-12-26 17:27:19,541 
You pressed Ctrl+C, keyboardInterrupt detected,Client is exiting!
2022-12-26 17:32:02,686 Received from server: \
2022-12-26 17:32:05,864 Received from server: 2
2022-12-26 17:32:10,293 Received from server: 2
2022-12-26 17:32:13,251 Received from server: 5
2022-12-26 17:32:17,257 Received from server: 2
2022-12-26 17:32:18,241 
You pressed Ctrl+C, keyboardInterrupt detected,Client is exiting!
2022-12-26 17:32:22,366 
You pressed Ctrl+C, keyboardInterrupt detected,Client is exiting!
2022-12-26 17:33:17,581 Received from server: 2
2022-12-26 17:33:21,099 Received from server: 6
2022-12-26 17:33:57,686 
You pressed Ctrl+C, keyboardInterrupt detected,Client is exiting!
2022-12-26 17:33:59,150 
You pressed Ctrl+C, keyboardInterrupt detected,Client is exiting!
2022-12-26 17:35:11,386 
You pressed Ctrl+C, keyboardInterrupt detected,Client is exiting!
2022-12-26 17:35:20,298 Received from server: 6
2022-12-26 17:35:21,810 
You pressed Ctrl+C, keyboardInterrupt detected,Client is exiting!
2022-12-26 17:35:24,497 Received from server: 7
2022-12-26 17:36:01,465 
You pressed Ctrl+C, keyboardInterrupt detected,Client is exiting!
2022-12-26 17:36:01,470 Received from server: 8
2022-12-26 17:41:53,022 Received from server: 2
2022-12-26 17:41:54,159 
You pressed Ctrl+C, keyboardInterrupt detected,Client is exiting!
2022-12-26 17:41:56,382 Received from server: 2
2022-12-26 17:41:58,391 
You pressed Ctrl+C, keyboardInterrupt detected,Client is exiting!
2022-12-26 17:42:07,709 
You pressed Ctrl+C, keyboardInterrupt detected,Client is exiting!
2022-12-26 17:42:07,714 Received from server: 2
2022-12-26 17:42:12,547 Received from server: 4
2022-12-26 17:42:53,998 
You pressed Ctrl+C, keyboardInterrupt detected,Client is exiting!
2022-12-26 17:42:54,006 Received from server: 5
2022-12-26 17:42:55,347 
You pressed Ctrl+C, keyboardInterrupt detected,Client is exiting!
2022-12-26 17:43:00,983 Received from server: 3
2022-12-26 17:44:48,117 
You pressed Ctrl+C, keyboardInterrupt detected,Client is exiting!
2022-12-26 17:44:48,120 Received from server: 2
2022-12-26 17:44:49,215 
You pressed Ctrl+C, keyboardInterrupt detected,Client is exiting!
2022-12-26 17:44:56,674 Received from server: 2
2022-12-26 17:45:04,278 
You pressed Ctrl+C, keyboardInterrupt detected,Client is exiting!
2022-12-26 17:45:04,284 Received from server: 5
2022-12-26 17:45:18,027 
You pressed Ctrl+C, keyboardInterrupt detected,Client is exiting!
2022-12-26 17:45:23,040 Received from server: 3
2022-12-26 17:45:35,565 
You pressed Ctrl+C, keyboardInterrupt detected,Client is exiting!
2022-12-26 17:45:35,569 Received from server: 5
2022-12-26 17:48:36,502 
You pressed Ctrl+C, keyboardInterrupt detected,Client is exiting!
2022-12-26 17:48:41,834 Received from server: 5
2022-12-26 17:48:44,240 Received from server: 2
2022-12-26 17:49:52,737 
You pressed Ctrl+C, keyboardInterrupt detected,Client is exiting!
2022-12-26 17:49:53,928 
You pressed Ctrl+C, keyboardInterrupt detected,Client is exiting!
2022-12-26 17:50:15,192 Received from server: 5
2022-12-26 17:50:50,483 
You pressed Ctrl+C, keyboardInterrupt detected,Client is exiting!
2022-12-26 17:50:50,486 Received from server: 4
2022-12-26 17:50:53,915 
You pressed Ctrl+C, keyboardInterrupt detected,Client is exiting!
2022-12-26 17:51:00,519 Received from server: 5
2022-12-26 17:51:05,862 
You pressed Ctrl+C, keyboardInterrupt detected,Client is exiting!
2022-12-26 17:51:05,866 Received from server: 2
2022-12-26 17:55:09,528 
You pressed Ctrl+C, keyboardInterrupt detected,Client is exiting!
2022-12-26 17:58:36,141 Received from server: 5
2022-12-26 17:58:43,165 
You pressed Ctrl+C, keyboardInterrupt detected,Client is exiting!
2022-12-26 17:58:59,717 
You pressed Ctrl+C, keyboardInterrupt detected,Client is exiting!
2022-12-26 17:59:01,775 
You pressed Ctrl+C, keyboardInterrupt detected,Client is exiting!
2022-12-26 17:59:05,148 Received from server: 5
2022-12-26 17:59:26,766 Received from server: 7
2022-12-26 17:59:28,686 Received from server: 5
2022-12-26 17:59:30,037 Received from server: 2
2022-12-26 17:59:31,003 
You pressed Ctrl+C, keyboardInterrupt detected,Client is exiting!
2022-12-26 17:59:31,008 Received from server: 5
2022-12-26 17:59:33,501 Received from server: 6
2022-12-26 18:01:52,282 
You pressed Ctrl+C, keyboardInterrupt detected,Client is exiting!
2022-12-26 18:01:59,644 Received from server: 2
2022-12-26 18:02:01,148 Received from server: 4
2022-12-26 18:02:08,503 Received from server: 11
2022-12-26 18:02:10,346 Received from server: 5
2022-12-26 18:02:36,027 
You pressed Ctrl+C, keyboardInterrupt detected,Client is exiting!
2022-12-26 18:02:36,030 Received from server: 2
2022-12-26 18:02:38,254 
You pressed Ctrl+C, keyboardInterrupt detected,Client is exiting!
2022-12-26 18:03:47,158 Received from server: 5
2022-12-26 18:03:48,011 Received from server: 2
2022-12-26 18:03:48,691 Received from server: 6
2022-12-26 18:03:50,197 Received from server: 7
2022-12-26 18:03:50,856 Received from server: 5
2022-12-26 18:03:53,108 
You pressed Ctrl+C, keyboardInterrupt detected,Client is exiting!
2022-12-26 18:07:47,241 Server is dead
2022-12-26 18:07:50,483 Received from server: 5
2022-12-26 18:07:56,011 Received from server: 2
2022-12-26 18:07:59,611 
You pressed Ctrl+C, keyboardInterrupt detected,Client is exiting!
2022-12-26 18:08:02,389 Received from server: 5
2022-12-26 18:08:03,083 Received from server: 6
2022-12-26 18:08:34,069 
You pressed Ctrl+C, keyboardInterrupt detected,Client is exiting!
2022-12-26 18:08:35,471 
You pressed Ctrl+C, keyboardInterrupt detected,Client is exiting!
2022-12-26 18:08:50,513 Received from server: 2
2022-12-26 18:08:50,969 Received from server: 4
2022-12-26 18:08:51,353 Received from server: 5
2022-12-26 18:08:51,892 Received from server: 6
2022-12-26 18:09:17,111 
You pressed Ctrl+C, keyboardInterrupt detected,Client is exiting!
2022-12-26 18:20:02,509 Received from server: \
2022-12-26 18:20:04,584 Received from server: 5
2022-12-26 18:20:13,784 
You pressed Ctrl+C, keyboardInterrupt detected,Client is exiting!
2022-12-26 18:20:13,788 Received from server: 2
2022-12-26 18:23:36,707 
You pressed Ctrl+C, keyboardInterrupt detected,Client is exiting!
2022-12-26 18:33:41,908 Received from server: 5
2022-12-26 18:33:47,881 
You pressed Ctrl+C, keyboardInterrupt detected,Client is exiting!
2022-12-26 18:33:47,888 Received from server: 2
2022-12-26 18:37:12,596 
You pressed Ctrl+C, keyboardInterrupt detected,Client is exiting!
2022-12-26 18:42:21,686 Received from server: 5
2022-12-26 18:42:33,048 Received from server: Server is busy.
2022-12-26 18:43:46,094 Received from server: Server is busy.
2022-12-26 18:46:14,658 
You pressed Ctrl+C, keyboardInterrupt detected,Client is exiting!
2022-12-26 18:46:15,739 
You pressed Ctrl+C, keyboardInterrupt detected,Client is exiting!
2022-12-26 18:46:24,602 Received from server: 5
2022-12-26 18:46:27,561 Received from server: Server is busy.
2022-12-26 18:47:49,994 
You pressed Ctrl+C, keyboardInterrupt detected,Client is exiting!
2022-12-26 18:49:16,945 Received from server: 5
2022-12-26 18:49:20,588 Received from server: Server is busy.
2022-12-26 18:49:29,209 Received from server: Server is busy.
2022-12-26 18:53:14,754 
You pressed Ctrl+C, keyboardInterrupt detected,Client is exiting!
2022-12-26 18:53:21,151 Received from server: 3
2022-12-26 18:53:25,188 Server is u. error.
2022-12-26 18:54:30,549 
You pressed Ctrl+C, keyboardInterrupt detected,Client is exiting!
2022-12-26 18:54:35,158 Received from server: 5
2022-12-26 18:54:38,645 ERROR: Server is busy.
2022-12-26 18:54:42,124 ERROR: Server is busy.
2022-12-26 18:54:45,002 ERROR: Server is busy.
2022-12-26 18:54:49,218 
You pressed Ctrl+C, keyboardInterrupt detected,Client is exiting!
2022-12-26 18:54:57,010 ERROR: Server is busy.
2022-12-26 18:56:47,062 Received from server: 5
2022-12-26 18:56:50,211 ERROR: Server is busy.
2022-12-26 18:56:52,538 
You pressed Ctrl+C, keyboardInterrupt detected,Client is exiting!
2022-12-26 18:56:56,302 ERROR: Server is busy.
2022-12-26 19:20:30,936 
You pressed Ctrl+C, keyboardInterrupt detected,Client is exiting!
2022-12-26 19:22:30,420 
You pressed Ctrl+C, keyboardInterrupt detected,Client is exiting!
2022-12-26 19:23:36,026 Received from server: 4
2022-12-26 19:23:48,411 
You pressed Ctrl+C, keyboardInterrupt detected,Client is exiting!
2022-12-26 19:23:48,421 Received from server: 5
2022-12-26 19:23:51,019 
You pressed Ctrl+C, keyboardInterrupt detected,Client is exiting!
2022-12-26 19:23:53,485 Received from server: 4
2022-12-26 19:23:54,179 Received from server: 6
2022-12-26 19:23:54,711 Received from server: 5
2022-12-26 19:24:14,920 
You pressed Ctrl+C, keyboardInterrupt detected,Client is exiting!
2022-12-26 19:28:29,360 
You pressed Ctrl+C, keyboardInterrupt detected,Client is exiting!
2022-12-26 19:28:35,378 Received from server: 5
2022-12-26 19:28:44,366 
You pressed Ctrl+C, keyboardInterrupt detected,Client is exiting!
2022-12-26 19:28:44,371 Received from server: 5
2022-12-26 19:30:04,051 
You pressed Ctrl+C, keyboardInterrupt detected,Client is exiting!
2022-12-26 19:30:10,465 Received from server: 5
2022-12-26 19:30:18,877 
You pressed Ctrl+C, keyboardInterrupt detected,Client is exiting!
2022-12-26 19:30:18,880 Received from server: 5
2022-12-26 19:30:23,864 
You pressed Ctrl+C, keyboardInterrupt detected,Client is exiting!
2022-12-26 19:32:08,350 Received from server: 5
2022-12-26 19:32:13,865 
You pressed Ctrl+C, keyboardInterrupt detected,Client is exiting!
2022-12-26 19:36:37,329 
You pressed Ctrl+C, keyboardInterrupt detected,Client is exiting!
2022-12-26 19:36:50,504 Received from server: 5
2022-12-26 19:37:13,334 
You pressed Ctrl+C, keyboardInterrupt detected,Client is exiting!
2022-12-26 19:42:47,440 Server is dead
2022-12-26 19:43:34,759 Server is dead
2022-12-26 19:43:57,207 Server is dead
2022-12-26 19:44:52,034 Server is dead
2022-12-26 19:46:14,776 
You pressed Ctrl+C, keyboardInterrupt detected,Client is exiting!
2022-12-26 19:49:39,931 
You pressed Ctrl+C, keyboardInterrupt detected,Client is exiting!
2022-12-26 19:50:49,086 Server is dead
2022-12-26 19:51:48,757 Received from server: 5
2022-12-26 19:51:49,486 Received from server: 4
2022-12-26 19:52:02,273 
You pressed Ctrl+C, keyboardInterrupt detected,Client is exiting!
2022-12-26 19:52:02,286 Received from server: 3
2022-12-26 19:52:24,848 
You pressed Ctrl+C, keyboardInterrupt detected,Client is exiting!
2022-12-26 19:52:39,899 Received from server: 5
2022-12-26 19:54:06,629 
You pressed Ctrl+C, keyboardInterrupt detected,Client is exiting!
2022-12-26 19:54:07,976 
You pressed Ctrl+C, keyboardInterrupt detected,Client is exiting!
2022-12-26 19:54:28,522 Received from server: 4
2022-12-26 19:55:16,158 
You pressed Ctrl+C, keyboardInterrupt detected,Client is exiting!
2022-12-26 19:55:17,062 
You pressed Ctrl+C, keyboardInterrupt detected,Client is exiting!
2022-12-26 19:55:22,842 Received from server: 5
2022-12-26 19:57:08,981 
You pressed Ctrl+C, keyboardInterrupt detected,Client is exiting!
2022-12-26 19:57:27,333 Received from server: 5
2022-12-26 20:00:30,555 
You pressed Ctrl+C, keyboardInterrupt detected,Client is exiting!
2022-12-26 20:00:30,562 Received from server: 3
2022-12-26 20:00:32,803 
You pressed Ctrl+C, keyboardInterrupt detected,Client is exiting!
2022-12-26 20:00:47,176 
You pressed Ctrl+C, keyboardInterrupt detected,Client is exiting!
2022-12-26 20:01:26,474 
You pressed Ctrl+C, keyboardInterrupt detected,Client is exiting!
2022-12-26 20:01:49,848 Received from server: 5
2022-12-26 20:07:35,006 
You pressed Ctrl+C, keyboardInterrupt detected,Client is exiting!
2022-12-26 20:07:37,853 
You pressed Ctrl+C, keyboardInterrupt detected,Client is exiting!
2022-12-26 20:07:52,429 Received from server: 1
2022-12-26 20:07:53,938 Received from server: 1
2022-12-26 20:08:15,179 
You pressed Ctrl+C, keyboardInterrupt detected,Client is exiting!
2022-12-26 20:08:15,193 Received from server: 2
2022-12-26 20:14:35,276 
You pressed Ctrl+C, keyboardInterrupt detected,Client is exiting!
2022-12-26 20:15:24,833 Received from server: 5
2022-12-26 20:15:30,729 
You pressed Ctrl+C, keyboardInterrupt detected,Client is exiting!
2022-12-26 20:15:31,695 
You pressed Ctrl+C, keyboardInterrupt detected,Client is exiting!
2022-12-26 20:16:01,514 Server is dead
2022-12-26 20:16:14,623 Server is dead
2022-12-26 20:17:46,110 
You pressed Ctrl+C, keyboardInterrupt detected,Client is exiting!
2022-12-26 20:18:00,690 Received from server: 3
2022-12-26 20:19:09,480 
You pressed Ctrl+C, keyboardInterrupt detected,Client is exiting!
2022-12-26 20:19:09,486 Received from server: 2
2022-12-26 20:19:10,619 
You pressed Ctrl+C, keyboardInterrupt detected,Client is exiting!
2022-12-26 20:19:19,580 Received from server: 2
2022-12-26 20:19:22,926 ERROR: Server is busy.
2022-12-26 20:19:26,931 ERROR: Server is busy.
2022-12-26 20:19:30,852 ERROR: Server is busy.
2022-12-26 20:19:34,089 
You pressed Ctrl+C, keyboardInterrupt detected,Client is exiting!
2022-12-26 20:19:36,827 ERROR: Server is busy.
2022-12-26 20:19:42,994 Received from server: 5
2022-12-26 20:20:01,948 ERROR: Server is busy.
2022-12-26 20:20:09,650 Received from server: 4
2022-12-26 20:20:11,664 
You pressed Ctrl+C, keyboardInterrupt detected,Client is exiting!
2022-12-26 20:20:17,665 ERROR: Server is busy.
2022-12-26 20:20:25,269 ERROR: Server is busy.
2022-12-26 20:20:28,829 Received from server: 2
2022-12-26 20:20:36,254 ERROR: Server is busy.
2022-12-26 20:20:38,458 Received from server: 2
2022-12-26 20:20:41,009 
You pressed Ctrl+C, keyboardInterrupt detected,Client is exiting!
2022-12-26 20:20:43,741 ERROR: Server is busy.
2022-12-26 20:20:46,115 ERROR: Server is busy.
